<?xml version="1.0" encoding="UTF-8"?>
<!-- Generated by org.testng.reporters.JUnitReportReporter -->
<testsuite hostname="Ashwani_Singh" name="spicejet.Search_Hotel" tests="1" failures="0" timestamp="3 Sep 2019 04:11:00 GMT" time="34.252" errors="0">
  <testcase name="SearchHotel" time="34.252" classname="spicejet.Search_Hotel"/>
</testsuite> <!-- spicejet.Search_Hotel -->
