<?xml version="1.0" encoding="UTF-8"?>
<!-- Generated by org.testng.reporters.JUnitReportReporter -->
<testsuite hostname="Ashwani_Singh" name="spicejet.Booking_Ticket" tests="1" failures="0" timestamp="15 Aug 2019 05:06:47 GMT" time="72.508" errors="0">
  <testcase name="Book_Ticket" time="72.508" classname="spicejet.Booking_Ticket"/>
</testsuite> <!-- spicejet.Booking_Ticket -->
