<?xml version="1.0" encoding="UTF-8"?>
<!-- Generated by org.testng.reporters.JUnitReportReporter -->
<testsuite hostname="Ashwani_Singh" name="spicejet.Search_Flight" tests="1" failures="0" timestamp="3 Sep 2019 04:11:00 GMT" time="134.529" errors="0">
  <testcase name="SearchFlight" time="134.529" classname="spicejet.Search_Flight"/>
</testsuite> <!-- spicejet.Search_Flight -->
