<?xml version="1.0" encoding="UTF-8"?>
<!-- Generated by org.testng.reporters.JUnitReportReporter -->
<testsuite hostname="Ashwani_Singh" name="spicejet.Login" tests="1" failures="0" timestamp="1 Sep 2019 06:35:49 GMT" time="20.943" errors="0">
  <testcase name="login" time="20.943" classname="spicejet.Login"/>
</testsuite> <!-- spicejet.Login -->
