<?xml version="1.0" encoding="UTF-8"?>
<!-- Generated by org.testng.reporters.JUnitReportReporter -->
<testsuite hostname="Ashwani_Singh" name="spicejett.Base" tests="1" failures="0" timestamp="14 Aug 2019 04:04:57 GMT" time="14.910" errors="0">
  <testcase name="invoke_Browser" time="14.910" classname="spicejett.Base"/>
</testsuite> <!-- spicejett.Base -->
